Error indexing https://www.awaterdamagerestorationnearme.com: Quota exceeded for quota metric 'Publish requests' and limit 'Publish requests per day' of service 'indexing.googleapis.com' for consumer 'project_number:113036465398'.
Error indexing https://www.awaterdamagerestorationnearme.com/locations/los-angeles-ca: Quota exceeded for quota metric 'Publish requests' and limit 'Publish requests per day' of service 'indexing.googleapis.com' for consumer 'project_number:113036465398'.
Error indexing https://www.awaterdamagerestorationnearme.com/locations/san-diego-ca: Quota exceeded for quota metric 'Publish requests' and limit 'Publish requests per day' of service 'indexing.googleapis.com' for consumer 'project_number:113036465398'.
Error indexing https://www.awaterdamagerestorationnearme.com/locations/san-jose-ca: Quota exceeded for quota metric 'Publish requests' and limit 'Publish requests per day' of service 'indexing.googleapis.com' for consumer 'project_number:113036465398'.
Error indexing https://www.awaterdamagerestorationnearme.com/locations/san-francisco-ca: Quota exceeded for quota metric 'Publish requests' and limit 'Publish requests per day' of service 'indexing.googleapis.com' for consumer 'project_number:113036465398'.
Error indexing https://www.awaterdamagerestorationnearme.com/locations/fresno-ca: Quota exceeded for quota metric 'Publish requests' and limit 'Publish requests per day' of service 'indexing.googleapis.com' for consumer 'project_number:113036465398'.
Error indexing https://www.awaterdamagerestorationnearme.com/locations/sacramento-ca: Quota exceeded for quota metric 'Publish requests' and limit 'Publish requests per day' of service 'indexing.googleapis.com' for consumer 'project_number:113036465398'.
Error indexing https://www.awaterdamagerestorationnearme.com/locations/long-beach-ca: Quota exceeded for quota metric 'Publish requests' and limit 'Publish requests per day' of service 'indexing.googleapis.com' for consumer 'project_number:113036465398'.
Error indexing https://www.awaterdamagerestorationnearme.com/locations/oakland-ca: Quota exceeded for quota metric 'Publish requests' and limit 'Publish requests per day' of service 'indexing.googleapis.com' for consumer 'project_number:113036465398'.
Error indexing https://www.awaterdamagerestorationnearme.com/locations/bakersfield-ca: Quota exceeded for quota metric 'Publish requests' and limit 'Publish requests per day' of service 'indexing.googleapis.com' for consumer 'project_number:113036465398'.
Error indexing https://www.awaterdamagerestorationnearme.com/locations/anaheim-ca: Quota exceeded for quota metric 'Publish requests' and limit 'Publish requests per day' of service 'indexing.googleapis.com' for consumer 'project_number:113036465398'.
Error indexing https://www.awaterdamagerestorationnearme.com/locations/santa-ana-ca: Quota exceeded for quota metric 'Publish requests' and limit 'Publish requests per day' of service 'indexing.googleapis.com' for consumer 'project_number:113036465398'.
Error indexing https://www.awaterdamagerestorationnearme.com/locations/riverside-ca: Quota exceeded for quota metric 'Publish requests' and limit 'Publish requests per day' of service 'indexing.googleapis.com' for consumer 'project_number:113036465398'.
Error indexing https://www.awaterdamagerestorationnearme.com/locations/stockton-ca: Quota exceeded for quota metric 'Publish requests' and limit 'Publish requests per day' of service 'indexing.googleapis.com' for consumer 'project_number:113036465398'.
Error indexing https://www.awaterdamagerestorationnearme.com/locations/chula-vista-ca: Quota exceeded for quota metric 'Publish requests' and limit 'Publish requests per day' of service 'indexing.googleapis.com' for consumer 'project_number:113036465398'.
Error indexing https://www.awaterdamagerestorationnearme.com/locations/irvine-ca: Quota exceeded for quota metric 'Publish requests' and limit 'Publish requests per day' of service 'indexing.googleapis.com' for consumer 'project_number:113036465398'.
Error indexing https://www.awaterdamagerestorationnearme.com/locations/fremont-ca: Quota exceeded for quota metric 'Publish requests' and limit 'Publish requests per day' of service 'indexing.googleapis.com' for consumer 'project_number:113036465398'.
Error indexing https://www.awaterdamagerestorationnearme.com/locations/san-bernardino-ca: Quota exceeded for quota metric 'Publish requests' and limit 'Publish requests per day' of service 'indexing.googleapis.com' for consumer 'project_number:113036465398'.
Error indexing https://www.awaterdamagerestorationnearme.com/locations/modesto-ca: Quota exceeded for quota metric 'Publish requests' and limit 'Publish requests per day' of service 'indexing.googleapis.com' for consumer 'project_number:113036465398'.
Error indexing https://www.awaterdamagerestorationnearme.com/locations/fontana-ca: Quota exceeded for quota metric 'Publish requests' and limit 'Publish requests per day' of service 'indexing.googleapis.com' for consumer 'project_number:113036465398'.
Error indexing https://www.awaterdamagerestorationnearme.com/locations/santa-clarita-ca: Quota exceeded for quota metric 'Publish requests' and limit 'Publish requests per day' of service 'indexing.googleapis.com' for consumer 'project_number:113036465398'.
Error indexing https://www.awaterdamagerestorationnearme.com/locations/oxnard-ca: Quota exceeded for quota metric 'Publish requests' and limit 'Publish requests per day' of service 'indexing.googleapis.com' for consumer 'project_number:113036465398'.
Error indexing https://www.awaterdamagerestorationnearme.com/locations/moreno-valley-ca: Quota exceeded for quota metric 'Publish requests' and limit 'Publish requests per day' of service 'indexing.googleapis.com' for consumer 'project_number:113036465398'.
Error indexing https://www.awaterdamagerestorationnearme.com/locations/glendale-ca: Quota exceeded for quota metric 'Publish requests' and limit 'Publish requests per day' of service 'indexing.googleapis.com' for consumer 'project_number:113036465398'.
Error indexing https://www.awaterdamagerestorationnearme.com/locations/huntington-beach-ca: Quota exceeded for quota metric 'Publish requests' and limit 'Publish requests per day' of service 'indexing.googleapis.com' for consumer 'project_number:113036465398'.
Error indexing https://www.awaterdamagerestorationnearme.com/locations/redding-ca: Quota exceeded for quota metric 'Publish requests' and limit 'Publish requests per day' of service 'indexing.googleapis.com' for consumer 'project_number:113036465398'.
Error indexing https://www.awaterdamagerestorationnearme.com/locations/humboldt-county-ca: Quota exceeded for quota metric 'Publish requests' and limit 'Publish requests per day' of service 'indexing.googleapis.com' for consumer 'project_number:113036465398'.
Error indexing https://www.awaterdamagerestorationnearme.com/locations/shasta-county-ca: Quota exceeded for quota metric 'Publish requests' and limit 'Publish requests per day' of service 'indexing.googleapis.com' for consumer 'project_number:113036465398'.
Error indexing https://www.awaterdamagerestorationnearme.com/locations/chico-ca: Quota exceeded for quota metric 'Publish requests' and limit 'Publish requests per day' of service 'indexing.googleapis.com' for consumer 'project_number:113036465398'.
Error indexing https://www.awaterdamagerestorationnearme.com/locations/santa-rosa-ca: Quota exceeded for quota metric 'Publish requests' and limit 'Publish requests per day' of service 'indexing.googleapis.com' for consumer 'project_number:113036465398'.
Error indexing https://www.awaterdamagerestorationnearme.com/locations/oceanside-ca: Quota exceeded for quota metric 'Publish requests' and limit 'Publish requests per day' of service 'indexing.googleapis.com' for consumer 'project_number:113036465398'.
Error indexing https://www.awaterdamagerestorationnearme.com/locations/garden-grove-ca: Quota exceeded for quota metric 'Publish requests' and limit 'Publish requests per day' of service 'indexing.googleapis.com' for consumer 'project_number:113036465398'.
Error indexing https://www.awaterdamagerestorationnearme.com/locations/elk-grove-ca: Quota exceeded for quota metric 'Publish requests' and limit 'Publish requests per day' of service 'indexing.googleapis.com' for consumer 'project_number:113036465398'.
Error indexing https://www.awaterdamagerestorationnearme.com/locations/ontario-ca: Quota exceeded for quota metric 'Publish requests' and limit 'Publish requests per day' of service 'indexing.googleapis.com' for consumer 'project_number:113036465398'.
Error indexing https://www.awaterdamagerestorationnearme.com/locations/lancaster-ca: Quota exceeded for quota metric 'Publish requests' and limit 'Publish requests per day' of service 'indexing.googleapis.com' for consumer 'project_number:113036465398'.
Error indexing https://www.awaterdamagerestorationnearme.com/locations/palmdale-ca: Quota exceeded for quota metric 'Publish requests' and limit 'Publish requests per day' of service 'indexing.googleapis.com' for consumer 'project_number:113036465398'.
Error indexing https://www.awaterdamagerestorationnearme.com/locations/salinas-ca: Quota exceeded for quota metric 'Publish requests' and limit 'Publish requests per day' of service 'indexing.googleapis.com' for consumer 'project_number:113036465398'.
Error indexing https://www.awaterdamagerestorationnearme.com/locations/hayward-ca: Quota exceeded for quota metric 'Publish requests' and limit 'Publish requests per day' of service 'indexing.googleapis.com' for consumer 'project_number:113036465398'.
Error indexing https://www.awaterdamagerestorationnearme.com/locations/portland-or: Quota exceeded for quota metric 'Publish requests' and limit 'Publish requests per day' of service 'indexing.googleapis.com' for consumer 'project_number:113036465398'.
Error indexing https://www.awaterdamagerestorationnearme.com/locations/salem-or: Quota exceeded for quota metric 'Publish requests' and limit 'Publish requests per day' of service 'indexing.googleapis.com' for consumer 'project_number:113036465398'.
Error indexing https://www.awaterdamagerestorationnearme.com/locations/eugene-or: Quota exceeded for quota metric 'Publish requests' and limit 'Publish requests per day' of service 'indexing.googleapis.com' for consumer 'project_number:113036465398'.
Error indexing https://www.awaterdamagerestorationnearme.com/locations/gresham-or: Quota exceeded for quota metric 'Publish requests' and limit 'Publish requests per day' of service 'indexing.googleapis.com' for consumer 'project_number:113036465398'.
Error indexing https://www.awaterdamagerestorationnearme.com/locations/hillsboro-or: Quota exceeded for quota metric 'Publish requests' and limit 'Publish requests per day' of service 'indexing.googleapis.com' for consumer 'project_number:113036465398'.
Error indexing https://www.awaterdamagerestorationnearme.com/locations/beaverton-or: Quota exceeded for quota metric 'Publish requests' and limit 'Publish requests per day' of service 'indexing.googleapis.com' for consumer 'project_number:113036465398'.
Error indexing https://www.awaterdamagerestorationnearme.com/locations/bend-or: Quota exceeded for quota metric 'Publish requests' and limit 'Publish requests per day' of service 'indexing.googleapis.com' for consumer 'project_number:113036465398'.
Error indexing https://www.awaterdamagerestorationnearme.com/locations/medford-or: Quota exceeded for quota metric 'Publish requests' and limit 'Publish requests per day' of service 'indexing.googleapis.com' for consumer 'project_number:113036465398'.
Error indexing https://www.awaterdamagerestorationnearme.com/locations/springfield-or: Quota exceeded for quota metric 'Publish requests' and limit 'Publish requests per day' of service 'indexing.googleapis.com' for consumer 'project_number:113036465398'.
Error indexing https://www.awaterdamagerestorationnearme.com/locations/corvallis-or: Quota exceeded for quota metric 'Publish requests' and limit 'Publish requests per day' of service 'indexing.googleapis.com' for consumer 'project_number:113036465398'.
Error indexing https://www.awaterdamagerestorationnearme.com/locations/albany-or: Quota exceeded for quota metric 'Publish requests' and limit 'Publish requests per day' of service 'indexing.googleapis.com' for consumer 'project_number:113036465398'.
Error indexing https://www.awaterdamagerestorationnearme.com/locations/tigard-or: Quota exceeded for quota metric 'Publish requests' and limit 'Publish requests per day' of service 'indexing.googleapis.com' for consumer 'project_number:113036465398'.
Error indexing https://www.awaterdamagerestorationnearme.com/locations/lake-oswego-or: Quota exceeded for quota metric 'Publish requests' and limit 'Publish requests per day' of service 'indexing.googleapis.com' for consumer 'project_number:113036465398'.
Error indexing https://www.awaterdamagerestorationnearme.com/locations/keizer-or: Quota exceeded for quota metric 'Publish requests' and limit 'Publish requests per day' of service 'indexing.googleapis.com' for consumer 'project_number:113036465398'.
Error indexing https://www.awaterdamagerestorationnearme.com/locations/seattle-wa: Quota exceeded for quota metric 'Publish requests' and limit 'Publish requests per day' of service 'indexing.googleapis.com' for consumer 'project_number:113036465398'.
Error indexing https://www.awaterdamagerestorationnearme.com/locations/spokane-wa: Quota exceeded for quota metric 'Publish requests' and limit 'Publish requests per day' of service 'indexing.googleapis.com' for consumer 'project_number:113036465398'.
Error indexing https://www.awaterdamagerestorationnearme.com/locations/tacoma-wa: Quota exceeded for quota metric 'Publish requests' and limit 'Publish requests per day' of service 'indexing.googleapis.com' for consumer 'project_number:113036465398'.
Error indexing https://www.awaterdamagerestorationnearme.com/locations/vancouver-wa: Quota exceeded for quota metric 'Publish requests' and limit 'Publish requests per day' of service 'indexing.googleapis.com' for consumer 'project_number:113036465398'.
Error indexing https://www.awaterdamagerestorationnearme.com/locations/bellevue-wa: Quota exceeded for quota metric 'Publish requests' and limit 'Publish requests per day' of service 'indexing.googleapis.com' for consumer 'project_number:113036465398'.
Error indexing https://www.awaterdamagerestorationnearme.com/locations/kent-wa: Quota exceeded for quota metric 'Publish requests' and limit 'Publish requests per day' of service 'indexing.googleapis.com' for consumer 'project_number:113036465398'.
Error indexing https://www.awaterdamagerestorationnearme.com/locations/everett-wa: Quota exceeded for quota metric 'Publish requests' and limit 'Publish requests per day' of service 'indexing.googleapis.com' for consumer 'project_number:113036465398'.
Error indexing https://www.awaterdamagerestorationnearme.com/locations/renton-wa: Quota exceeded for quota metric 'Publish requests' and limit 'Publish requests per day' of service 'indexing.googleapis.com' for consumer 'project_number:113036465398'.
Error indexing https://www.awaterdamagerestorationnearme.com/locations/spokane-valley-wa: Quota exceeded for quota metric 'Publish requests' and limit 'Publish requests per day' of service 'indexing.googleapis.com' for consumer 'project_number:113036465398'.
Error indexing https://www.awaterdamagerestorationnearme.com/locations/federal-way-wa: Quota exceeded for quota metric 'Publish requests' and limit 'Publish requests per day' of service 'indexing.googleapis.com' for consumer 'project_number:113036465398'.
Error indexing https://www.awaterdamagerestorationnearme.com/locations/yakima-wa: Quota exceeded for quota metric 'Publish requests' and limit 'Publish requests per day' of service 'indexing.googleapis.com' for consumer 'project_number:113036465398'.
Error indexing https://www.awaterdamagerestorationnearme.com/locations/kirkland-wa: Quota exceeded for quota metric 'Publish requests' and limit 'Publish requests per day' of service 'indexing.googleapis.com' for consumer 'project_number:113036465398'.
Error indexing https://www.awaterdamagerestorationnearme.com/locations/bellingham-wa: Quota exceeded for quota metric 'Publish requests' and limit 'Publish requests per day' of service 'indexing.googleapis.com' for consumer 'project_number:113036465398'.
Error indexing https://www.awaterdamagerestorationnearme.com/locations/kennewick-wa: Quota exceeded for quota metric 'Publish requests' and limit 'Publish requests per day' of service 'indexing.googleapis.com' for consumer 'project_number:113036465398'.
Error indexing https://www.awaterdamagerestorationnearme.com/locations/auburn-wa: Quota exceeded for quota metric 'Publish requests' and limit 'Publish requests per day' of service 'indexing.googleapis.com' for consumer 'project_number:113036465398'.
Error indexing https://www.awaterdamagerestorationnearme.com/locations/pasco-wa: Quota exceeded for quota metric 'Publish requests' and limit 'Publish requests per day' of service 'indexing.googleapis.com' for consumer 'project_number:113036465398'.
Error indexing https://www.awaterdamagerestorationnearme.com/locations/marysville-wa: Quota exceeded for quota metric 'Publish requests' and limit 'Publish requests per day' of service 'indexing.googleapis.com' for consumer 'project_number:113036465398'.
Error indexing https://www.awaterdamagerestorationnearme.com/locations/redmond-wa: Quota exceeded for quota metric 'Publish requests' and limit 'Publish requests per day' of service 'indexing.googleapis.com' for consumer 'project_number:113036465398'.
Error indexing https://www.awaterdamagerestorationnearme.com/locations/houston-tx: Quota exceeded for quota metric 'Publish requests' and limit 'Publish requests per day' of service 'indexing.googleapis.com' for consumer 'project_number:113036465398'.
Error indexing https://www.awaterdamagerestorationnearme.com/locations/galveston-tx: Quota exceeded for quota metric 'Publish requests' and limit 'Publish requests per day' of service 'indexing.googleapis.com' for consumer 'project_number:113036465398'.
Error indexing https://www.awaterdamagerestorationnearme.com/locations/san-antonio-tx: Quota exceeded for quota metric 'Publish requests' and limit 'Publish requests per day' of service 'indexing.googleapis.com' for consumer 'project_number:113036465398'.
Error indexing https://www.awaterdamagerestorationnearme.com/locations/austin-tx: Quota exceeded for quota metric 'Publish requests' and limit 'Publish requests per day' of service 'indexing.googleapis.com' for consumer 'project_number:113036465398'.
Error indexing https://www.awaterdamagerestorationnearme.com/locations/dallas-tx: Quota exceeded for quota metric 'Publish requests' and limit 'Publish requests per day' of service 'indexing.googleapis.com' for consumer 'project_number:113036465398'.
Error indexing https://www.awaterdamagerestorationnearme.com/locations/fort-worth-tx: Quota exceeded for quota metric 'Publish requests' and limit 'Publish requests per day' of service 'indexing.googleapis.com' for consumer 'project_number:113036465398'.
Error indexing https://www.awaterdamagerestorationnearme.com/locations/corpus-christi-tx: Quota exceeded for quota metric 'Publish requests' and limit 'Publish requests per day' of service 'indexing.googleapis.com' for consumer 'project_number:113036465398'.
Error indexing https://www.awaterdamagerestorationnearme.com/locations/arlington-tx: Quota exceeded for quota metric 'Publish requests' and limit 'Publish requests per day' of service 'indexing.googleapis.com' for consumer 'project_number:113036465398'.
Error indexing https://www.awaterdamagerestorationnearme.com/locations/sugar-land-tx: Quota exceeded for quota metric 'Publish requests' and limit 'Publish requests per day' of service 'indexing.googleapis.com' for consumer 'project_number:113036465398'.
Error indexing https://www.awaterdamagerestorationnearme.com/locations/san-marcos-tx: Quota exceeded for quota metric 'Publish requests' and limit 'Publish requests per day' of service 'indexing.googleapis.com' for consumer 'project_number:113036465398'.
Error indexing https://www.awaterdamagerestorationnearme.com/locations/plano-tx: Quota exceeded for quota metric 'Publish requests' and limit 'Publish requests per day' of service 'indexing.googleapis.com' for consumer 'project_number:113036465398'.
Error indexing https://www.awaterdamagerestorationnearme.com/locations/irving-tx: Quota exceeded for quota metric 'Publish requests' and limit 'Publish requests per day' of service 'indexing.googleapis.com' for consumer 'project_number:113036465398'.
Error indexing https://www.awaterdamagerestorationnearme.com/locations/miami-fl: Quota exceeded for quota metric 'Publish requests' and limit 'Publish requests per day' of service 'indexing.googleapis.com' for consumer 'project_number:113036465398'.
Error indexing https://www.awaterdamagerestorationnearme.com/locations/tampa-fl: Quota exceeded for quota metric 'Publish requests' and limit 'Publish requests per day' of service 'indexing.googleapis.com' for consumer 'project_number:113036465398'.
Error indexing https://www.awaterdamagerestorationnearme.com/locations/orlando-fl: Quota exceeded for quota metric 'Publish requests' and limit 'Publish requests per day' of service 'indexing.googleapis.com' for consumer 'project_number:113036465398'.
Error indexing https://www.awaterdamagerestorationnearme.com/locations/jacksonville-fl: Quota exceeded for quota metric 'Publish requests' and limit 'Publish requests per day' of service 'indexing.googleapis.com' for consumer 'project_number:113036465398'.
Error indexing https://www.awaterdamagerestorationnearme.com/locations/fort-lauderdale-fl: Quota exceeded for quota metric 'Publish requests' and limit 'Publish requests per day' of service 'indexing.googleapis.com' for consumer 'project_number:113036465398'.
Error indexing https://www.awaterdamagerestorationnearme.com/locations/st-petersburg-fl: Quota exceeded for quota metric 'Publish requests' and limit 'Publish requests per day' of service 'indexing.googleapis.com' for consumer 'project_number:113036465398'.
Error indexing https://www.awaterdamagerestorationnearme.com/locations/west-palm-beach-fl: Quota exceeded for quota metric 'Publish requests' and limit 'Publish requests per day' of service 'indexing.googleapis.com' for consumer 'project_number:113036465398'.
Error indexing https://www.awaterdamagerestorationnearme.com/locations/fort-myers-fl: Quota exceeded for quota metric 'Publish requests' and limit 'Publish requests per day' of service 'indexing.googleapis.com' for consumer 'project_number:113036465398'.
Error indexing https://www.awaterdamagerestorationnearme.com/locations/hialeah-fl: Quota exceeded for quota metric 'Publish requests' and limit 'Publish requests per day' of service 'indexing.googleapis.com' for consumer 'project_number:113036465398'.
Error indexing https://www.awaterdamagerestorationnearme.com/locations/naples-fl: Quota exceeded for quota metric 'Publish requests' and limit 'Publish requests per day' of service 'indexing.googleapis.com' for consumer 'project_number:113036465398'.
Error indexing https://www.awaterdamagerestorationnearme.com/locations/sarasota-fl: Quota exceeded for quota metric 'Publish requests' and limit 'Publish requests per day' of service 'indexing.googleapis.com' for consumer 'project_number:113036465398'.
Error indexing https://www.awaterdamagerestorationnearme.com/locations/tallahassee-fl: Quota exceeded for quota metric 'Publish requests' and limit 'Publish requests per day' of service 'indexing.googleapis.com' for consumer 'project_number:113036465398'.
Error indexing https://www.awaterdamagerestorationnearme.com/locations/new-york-ny: Quota exceeded for quota metric 'Publish requests' and limit 'Publish requests per day' of service 'indexing.googleapis.com' for consumer 'project_number:113036465398'.
Error indexing https://www.awaterdamagerestorationnearme.com/locations/buffalo-ny: Quota exceeded for quota metric 'Publish requests' and limit 'Publish requests per day' of service 'indexing.googleapis.com' for consumer 'project_number:113036465398'.
Error indexing https://www.awaterdamagerestorationnearme.com/locations/rochester-ny: Quota exceeded for quota metric 'Publish requests' and limit 'Publish requests per day' of service 'indexing.googleapis.com' for consumer 'project_number:113036465398'.
Error indexing https://www.awaterdamagerestorationnearme.com/locations/yonkers-ny: Quota exceeded for quota metric 'Publish requests' and limit 'Publish requests per day' of service 'indexing.googleapis.com' for consumer 'project_number:113036465398'.
Error indexing https://www.awaterdamagerestorationnearme.com/locations/albany-ny: Quota exceeded for quota metric 'Publish requests' and limit 'Publish requests per day' of service 'indexing.googleapis.com' for consumer 'project_number:113036465398'.
Error indexing https://www.awaterdamagerestorationnearme.com/locations/newark-nj: Quota exceeded for quota metric 'Publish requests' and limit 'Publish requests per day' of service 'indexing.googleapis.com' for consumer 'project_number:113036465398'.
Error indexing https://www.awaterdamagerestorationnearme.com/locations/jersey-city-nj: Quota exceeded for quota metric 'Publish requests' and limit 'Publish requests per day' of service 'indexing.googleapis.com' for consumer 'project_number:113036465398'.
Error indexing https://www.awaterdamagerestorationnearme.com/locations/paterson-nj: Quota exceeded for quota metric 'Publish requests' and limit 'Publish requests per day' of service 'indexing.googleapis.com' for consumer 'project_number:113036465398'.
Error indexing https://www.awaterdamagerestorationnearme.com/locations/elizabeth-nj: Quota exceeded for quota metric 'Publish requests' and limit 'Publish requests per day' of service 'indexing.googleapis.com' for consumer 'project_number:113036465398'.
Error indexing https://www.awaterdamagerestorationnearme.com/locations/philadelphia-pa: Quota exceeded for quota metric 'Publish requests' and limit 'Publish requests per day' of service 'indexing.googleapis.com' for consumer 'project_number:113036465398'.
Error indexing https://www.awaterdamagerestorationnearme.com/locations/pittsburgh-pa: Quota exceeded for quota metric 'Publish requests' and limit 'Publish requests per day' of service 'indexing.googleapis.com' for consumer 'project_number:113036465398'.
Error indexing https://www.awaterdamagerestorationnearme.com/locations/allentown-pa: Quota exceeded for quota metric 'Publish requests' and limit 'Publish requests per day' of service 'indexing.googleapis.com' for consumer 'project_number:113036465398'.
Error indexing https://www.awaterdamagerestorationnearme.com/locations/boston-ma: Quota exceeded for quota metric 'Publish requests' and limit 'Publish requests per day' of service 'indexing.googleapis.com' for consumer 'project_number:113036465398'.
Error indexing https://www.awaterdamagerestorationnearme.com/locations/worcester-ma: Quota exceeded for quota metric 'Publish requests' and limit 'Publish requests per day' of service 'indexing.googleapis.com' for consumer 'project_number:113036465398'.
Error indexing https://www.awaterdamagerestorationnearme.com/locations/springfield-ma: Quota exceeded for quota metric 'Publish requests' and limit 'Publish requests per day' of service 'indexing.googleapis.com' for consumer 'project_number:113036465398'.
Error indexing https://www.awaterdamagerestorationnearme.com/locations/cambridge-ma: Quota exceeded for quota metric 'Publish requests' and limit 'Publish requests per day' of service 'indexing.googleapis.com' for consumer 'project_number:113036465398'.
Error indexing https://www.awaterdamagerestorationnearme.com/locations/virginia-beach-va: Quota exceeded for quota metric 'Publish requests' and limit 'Publish requests per day' of service 'indexing.googleapis.com' for consumer 'project_number:113036465398'.
Error indexing https://www.awaterdamagerestorationnearme.com/locations/norfolk-va: Quota exceeded for quota metric 'Publish requests' and limit 'Publish requests per day' of service 'indexing.googleapis.com' for consumer 'project_number:113036465398'.
Error indexing https://www.awaterdamagerestorationnearme.com/locations/richmond-va: Quota exceeded for quota metric 'Publish requests' and limit 'Publish requests per day' of service 'indexing.googleapis.com' for consumer 'project_number:113036465398'.
Error indexing https://www.awaterdamagerestorationnearme.com/locations/chesapeake-va: Quota exceeded for quota metric 'Publish requests' and limit 'Publish requests per day' of service 'indexing.googleapis.com' for consumer 'project_number:113036465398'.
Error indexing https://www.awaterdamagerestorationnearme.com/locations/charlotte-nc: Quota exceeded for quota metric 'Publish requests' and limit 'Publish requests per day' of service 'indexing.googleapis.com' for consumer 'project_number:113036465398'.
Error indexing https://www.awaterdamagerestorationnearme.com/locations/raleigh-nc: Quota exceeded for quota metric 'Publish requests' and limit 'Publish requests per day' of service 'indexing.googleapis.com' for consumer 'project_number:113036465398'.
Error indexing https://www.awaterdamagerestorationnearme.com/locations/greensboro-nc: Quota exceeded for quota metric 'Publish requests' and limit 'Publish requests per day' of service 'indexing.googleapis.com' for consumer 'project_number:113036465398'.
Error indexing https://www.awaterdamagerestorationnearme.com/locations/durham-nc: Quota exceeded for quota metric 'Publish requests' and limit 'Publish requests per day' of service 'indexing.googleapis.com' for consumer 'project_number:113036465398'.
Error indexing https://www.awaterdamagerestorationnearme.com/locations/charleston-sc: Quota exceeded for quota metric 'Publish requests' and limit 'Publish requests per day' of service 'indexing.googleapis.com' for consumer 'project_number:113036465398'.
Error indexing https://www.awaterdamagerestorationnearme.com/locations/columbia-sc: Quota exceeded for quota metric 'Publish requests' and limit 'Publish requests per day' of service 'indexing.googleapis.com' for consumer 'project_number:113036465398'.
Error indexing https://www.awaterdamagerestorationnearme.com/locations/north-charleston-sc: Quota exceeded for quota metric 'Publish requests' and limit 'Publish requests per day' of service 'indexing.googleapis.com' for consumer 'project_number:113036465398'.
Error indexing https://www.awaterdamagerestorationnearme.com/locations/mount-pleasant-sc: Quota exceeded for quota metric 'Publish requests' and limit 'Publish requests per day' of service 'indexing.googleapis.com' for consumer 'project_number:113036465398'.
Error indexing https://www.awaterdamagerestorationnearme.com/locations/atlanta-ga: Quota exceeded for quota metric 'Publish requests' and limit 'Publish requests per day' of service 'indexing.googleapis.com' for consumer 'project_number:113036465398'.
Error indexing https://www.awaterdamagerestorationnearme.com/locations/savannah-ga: Quota exceeded for quota metric 'Publish requests' and limit 'Publish requests per day' of service 'indexing.googleapis.com' for consumer 'project_number:113036465398'.
Error indexing https://www.awaterdamagerestorationnearme.com/locations/augusta-ga: Quota exceeded for quota metric 'Publish requests' and limit 'Publish requests per day' of service 'indexing.googleapis.com' for consumer 'project_number:113036465398'.
Error indexing https://www.awaterdamagerestorationnearme.com/locations/marietta-ga: Quota exceeded for quota metric 'Publish requests' and limit 'Publish requests per day' of service 'indexing.googleapis.com' for consumer 'project_number:113036465398'.
Error indexing https://www.awaterdamagerestorationnearme.com/locations/chicago-il: Quota exceeded for quota metric 'Publish requests' and limit 'Publish requests per day' of service 'indexing.googleapis.com' for consumer 'project_number:113036465398'.
Error indexing https://www.awaterdamagerestorationnearme.com/locations/aurora-il: Quota exceeded for quota metric 'Publish requests' and limit 'Publish requests per day' of service 'indexing.googleapis.com' for consumer 'project_number:113036465398'.
Error indexing https://www.awaterdamagerestorationnearme.com/locations/naperville-il: Quota exceeded for quota metric 'Publish requests' and limit 'Publish requests per day' of service 'indexing.googleapis.com' for consumer 'project_number:113036465398'.
Error indexing https://www.awaterdamagerestorationnearme.com/locations/joliet-il: Quota exceeded for quota metric 'Publish requests' and limit 'Publish requests per day' of service 'indexing.googleapis.com' for consumer 'project_number:113036465398'.
Error indexing https://www.awaterdamagerestorationnearme.com/locations/columbus-oh: Quota exceeded for quota metric 'Publish requests' and limit 'Publish requests per day' of service 'indexing.googleapis.com' for consumer 'project_number:113036465398'.
Error indexing https://www.awaterdamagerestorationnearme.com/locations/cleveland-oh: Quota exceeded for quota metric 'Publish requests' and limit 'Publish requests per day' of service 'indexing.googleapis.com' for consumer 'project_number:113036465398'.
Error indexing https://www.awaterdamagerestorationnearme.com/locations/cincinnati-oh: Quota exceeded for quota metric 'Publish requests' and limit 'Publish requests per day' of service 'indexing.googleapis.com' for consumer 'project_number:113036465398'.
Error indexing https://www.awaterdamagerestorationnearme.com/locations/toledo-oh: Quota exceeded for quota metric 'Publish requests' and limit 'Publish requests per day' of service 'indexing.googleapis.com' for consumer 'project_number:113036465398'.
Error indexing https://www.awaterdamagerestorationnearme.com/locations/detroit-mi: Quota exceeded for quota metric 'Publish requests' and limit 'Publish requests per day' of service 'indexing.googleapis.com' for consumer 'project_number:113036465398'.
Error indexing https://www.awaterdamagerestorationnearme.com/locations/grand-rapids-mi: Quota exceeded for quota metric 'Publish requests' and limit 'Publish requests per day' of service 'indexing.googleapis.com' for consumer 'project_number:113036465398'.
Error indexing https://www.awaterdamagerestorationnearme.com/locations/warren-mi: Quota exceeded for quota metric 'Publish requests' and limit 'Publish requests per day' of service 'indexing.googleapis.com' for consumer 'project_number:113036465398'.
Error indexing https://www.awaterdamagerestorationnearme.com/locations/sterling-heights-mi: Quota exceeded for quota metric 'Publish requests' and limit 'Publish requests per day' of service 'indexing.googleapis.com' for consumer 'project_number:113036465398'.
Error indexing https://www.awaterdamagerestorationnearme.com/locations/phoenix-az: Quota exceeded for quota metric 'Publish requests' and limit 'Publish requests per day' of service 'indexing.googleapis.com' for consumer 'project_number:113036465398'.
Error indexing https://www.awaterdamagerestorationnearme.com/locations/tucson-az: Quota exceeded for quota metric 'Publish requests' and limit 'Publish requests per day' of service 'indexing.googleapis.com' for consumer 'project_number:113036465398'.
Error indexing https://www.awaterdamagerestorationnearme.com/locations/mesa-az: Quota exceeded for quota metric 'Publish requests' and limit 'Publish requests per day' of service 'indexing.googleapis.com' for consumer 'project_number:113036465398'.
Error indexing https://www.awaterdamagerestorationnearme.com/locations/chandler-az: Quota exceeded for quota metric 'Publish requests' and limit 'Publish requests per day' of service 'indexing.googleapis.com' for consumer 'project_number:113036465398'.
Error indexing https://www.awaterdamagerestorationnearme.com/locations/scottsdale-az: Quota exceeded for quota metric 'Publish requests' and limit 'Publish requests per day' of service 'indexing.googleapis.com' for consumer 'project_number:113036465398'.
Error indexing https://www.awaterdamagerestorationnearme.com/locations/las-vegas-nv: Quota exceeded for quota metric 'Publish requests' and limit 'Publish requests per day' of service 'indexing.googleapis.com' for consumer 'project_number:113036465398'.
Error indexing https://www.awaterdamagerestorationnearme.com/locations/henderson-nv: Quota exceeded for quota metric 'Publish requests' and limit 'Publish requests per day' of service 'indexing.googleapis.com' for consumer 'project_number:113036465398'.
Error indexing https://www.awaterdamagerestorationnearme.com/locations/reno-nv: Quota exceeded for quota metric 'Publish requests' and limit 'Publish requests per day' of service 'indexing.googleapis.com' for consumer 'project_number:113036465398'.
Error indexing https://www.awaterdamagerestorationnearme.com/locations/denver-co: Quota exceeded for quota metric 'Publish requests' and limit 'Publish requests per day' of service 'indexing.googleapis.com' for consumer 'project_number:113036465398'.
Error indexing https://www.awaterdamagerestorationnearme.com/locations/colorado-springs-co: Quota exceeded for quota metric 'Publish requests' and limit 'Publish requests per day' of service 'indexing.googleapis.com' for consumer 'project_number:113036465398'.
Error indexing https://www.awaterdamagerestorationnearme.com/locations/aurora-co: Quota exceeded for quota metric 'Publish requests' and limit 'Publish requests per day' of service 'indexing.googleapis.com' for consumer 'project_number:113036465398'.
Error indexing https://www.awaterdamagerestorationnearme.com/locations/fort-collins-co: Quota exceeded for quota metric 'Publish requests' and limit 'Publish requests per day' of service 'indexing.googleapis.com' for consumer 'project_number:113036465398'.
